<?xml version="1.0" encoding="UTF-8"?>
<!-- Generated by org.testng.reporters.JUnitXMLReporter -->
<testsuite ignored="0" hostname="DESKTOP-I89L11M" failures="0" tests="9" name="Test" time="0.19" errors="0" timestamp="2023-09-05T23:20:17 IST">
  <testcase classname="suresh.sample1" name="tc1" time="0.016"/>
  <testcase classname="suresh.sample1" name="tc2" time="0.005"/>
  <testcase classname="suresh.sample1" name="tc3" time="0.005"/>
  <testcase classname="suresh.sample2" name="tc4" time="0.003"/>
  <testcase classname="suresh.sample2" name="tc5" time="0.008"/>
  <testcase classname="suresh.sample2" name="tc6" time="0.005"/>
  <testcase classname="suresh.sample3" name="tc7" time="0.002"/>
  <testcase classname="suresh.sample3" name="tc8" time="0.004"/>
  <testcase classname="suresh.sample3" name="tc9" time="0.003"/>
</testsuite> <!-- Test -->
