<?xml version="1.0" encoding="UTF-8"?>
<testng-results ignored="0" total="9" passed="9" failed="0" skipped="0">
  <reporter-output>
    <line>
      <![CDATA[i am from tc1]]>
    </line>
    <line>
      <![CDATA[i am from tc2]]>
    </line>
    <line>
      <![CDATA[ i am from tc3]]>
    </line>
    <line>
      <![CDATA[ i am from tc4]]>
    </line>
    <line>
      <![CDATA[ i am from tc5]]>
    </line>
    <line>
      <![CDATA[ i am from tc6]]>
    </line>
    <line>
      <![CDATA[ i am from tc7]]>
    </line>
    <line>
      <![CDATA[ i am from tc8]]>
    </line>
    <line>
      <![CDATA[ i am from tc9]]>
    </line>
  </reporter-output>
  <suite started-at="2023-09-05T23:20:17 IST" name="Suite" finished-at="2023-09-05T23:20:17 IST" duration-ms="190">
    <groups>
    </groups>
    <test started-at="2023-09-05T23:20:17 IST" name="Test" finished-at="2023-09-05T23:20:17 IST" duration-ms="190">
      <class name="suresh.sample1">
        <test-method signature="tc1()[pri:0, instance:suresh.sample1@4f80542f]" started-at="2023-09-05T23:20:17 IST" name="tc1" finished-at="2023-09-05T23:20:17 IST" duration-ms="16" status="PASS">
          <reporter-output>
            <line>
              <![CDATA[i am from tc1]]>
            </line>
          </reporter-output>
        </test-method> <!-- tc1 -->
        <test-method signature="tc2()[pri:0, instance:suresh.sample1@4f80542f]" started-at="2023-09-05T23:20:17 IST" name="tc2" finished-at="2023-09-05T23:20:17 IST" duration-ms="5" status="PASS">
          <reporter-output>
            <line>
              <![CDATA[i am from tc2]]>
            </line>
          </reporter-output>
        </test-method> <!-- tc2 -->
        <test-method signature="tc3()[pri:0, instance:suresh.sample1@4f80542f]" started-at="2023-09-05T23:20:17 IST" name="tc3" finished-at="2023-09-05T23:20:17 IST" duration-ms="5" status="PASS">
          <reporter-output>
            <line>
              <![CDATA[ i am from tc3]]>
            </line>
          </reporter-output>
        </test-method> <!-- tc3 -->
      </class> <!-- suresh.sample1 -->
      <class name="suresh.sample3">
        <test-method signature="tc7()[pri:0, instance:suresh.sample3@4d154ccd]" started-at="2023-09-05T23:20:17 IST" name="tc7" finished-at="2023-09-05T23:20:17 IST" duration-ms="2" status="PASS">
          <reporter-output>
            <line>
              <![CDATA[ i am from tc7]]>
            </line>
          </reporter-output>
        </test-method> <!-- tc7 -->
        <test-method signature="tc8()[pri:0, instance:suresh.sample3@4d154ccd]" started-at="2023-09-05T23:20:17 IST" name="tc8" finished-at="2023-09-05T23:20:17 IST" duration-ms="4" status="PASS">
          <reporter-output>
            <line>
              <![CDATA[ i am from tc8]]>
            </line>
          </reporter-output>
        </test-method> <!-- tc8 -->
        <test-method signature="tc9()[pri:0, instance:suresh.sample3@4d154ccd]" started-at="2023-09-05T23:20:17 IST" name="tc9" finished-at="2023-09-05T23:20:17 IST" duration-ms="3" status="PASS">
          <reporter-output>
            <line>
              <![CDATA[ i am from tc9]]>
            </line>
          </reporter-output>
        </test-method> <!-- tc9 -->
      </class> <!-- suresh.sample3 -->
      <class name="suresh.sample2">
        <test-method signature="tc4()[pri:0, instance:suresh.sample2@65c7a252]" started-at="2023-09-05T23:20:17 IST" name="tc4" finished-at="2023-09-05T23:20:17 IST" duration-ms="3" status="PASS">
          <reporter-output>
            <line>
              <![CDATA[ i am from tc4]]>
            </line>
          </reporter-output>
        </test-method> <!-- tc4 -->
        <test-method signature="tc5()[pri:0, instance:suresh.sample2@65c7a252]" started-at="2023-09-05T23:20:17 IST" name="tc5" finished-at="2023-09-05T23:20:17 IST" duration-ms="8" status="PASS">
          <reporter-output>
            <line>
              <![CDATA[ i am from tc5]]>
            </line>
          </reporter-output>
        </test-method> <!-- tc5 -->
        <test-method signature="tc6()[pri:0, instance:suresh.sample2@65c7a252]" started-at="2023-09-05T23:20:17 IST" name="tc6" finished-at="2023-09-05T23:20:17 IST" duration-ms="5" status="PASS">
          <reporter-output>
            <line>
              <![CDATA[ i am from tc6]]>
            </line>
          </reporter-output>
        </test-method> <!-- tc6 -->
      </class> <!-- suresh.sample2 -->
    </test> <!-- Test -->
  </suite> <!-- Suite -->
</testng-results>
